# JRE version: OpenJDK Runtime Environment (17.0.10) (build 17.0.10+0--11609105)
# Java VM: OpenJDK 64-Bit Server VM (17.0.10+0--11609105, mixed mode, tiered, compressed oops, compressed class ptrs, g1 gc, windows-amd64)
GC Precious Log:
 CPUs: 2 total, 2 available
 Memory: 3912M
 Large Page Support: Disabled
 NUMA Support: Disabled
 Compressed Oops: Enabled (32-bit)
 Heap Region Size: 1M
 Heap Min Capacity: 8M
 Heap Initial Capacity: 62M
 Heap Max Capacity: 2G
 Pre-touch: Disabled
 Parallel Workers: 2
 Concurrent Workers: 1
 Concurrent Refinement Workers: 2
 Periodic GC: Disabled
Heap:
 garbage-first heap   total 73728K, used 45688K [0x0000000080000000, 0x0000000100000000)
  region size 1024K, 4 young (4096K), 3 survivors (3072K)
 Metaspace       used 44411K, committed 44800K, reserved 1114112K
  class space    used 6006K, committed 6208K, reserved 1048576K
GC Heap History (20 events):
Event: 28.300 GC heap before
{Heap before GC invocations=8 (full 0):
 garbage-first heap   total 63488K, used 44188K [0x0000000080000000, 0x0000000100000000)
  region size 1024K, 26 young (26624K), 1 survivors (1024K)
 Metaspace       used 25633K, committed 25920K, reserved 1114112K
  class space    used 3251K, committed 3392K, reserved 1048576K
}
Event: 28.308 GC heap after
{Heap after GC invocations=9 (full 0):
 garbage-first heap   total 63488K, used 20453K [0x0000000080000000, 0x0000000100000000)
  region size 1024K, 2 young (2048K), 2 survivors (2048K)
 Metaspace       used 25633K, committed 25920K, reserved 1114112K
  class space    used 3251K, committed 3392K, reserved 1048576K
}
Event: 29.675 GC heap before
{Heap before GC invocations=9 (full 0):
 garbage-first heap   total 63488K, used 46053K [0x0000000080000000, 0x0000000100000000)
  region size 1024K, 28 young (28672K), 2 survivors (2048K)
 Metaspace       used 29017K, committed 29312K, reserved 1114112K
  class space    used 3828K, committed 3968K, reserved 1048576K
}
Event: 29.686 GC heap after
{Heap after GC invocations=10 (full 0):
 garbage-first heap   total 63488K, used 22123K [0x0000000080000000, 0x0000000100000000)
  region size 1024K, 3 young (3072K), 3 survivors (3072K)
 Metaspace       used 29017K, committed 29312K, reserved 1114112K
  class space    used 3828K, committed 3968K, reserved 1048576K
}
Event: 31.510 GC heap before
{Heap before GC invocations=10 (full 0):
 garbage-first heap   total 63488K, used 50795K [0x0000000080000000, 0x0000000100000000)
  region size 1024K, 25 young (25600K), 3 survivors (3072K)
 Metaspace       used 31768K, committed 32128K, reserved 1114112K
  class space    used 4309K, committed 4480K, reserved 1048576K
}
Event: 31.540 GC heap after
{Heap after GC invocations=11 (full 0):
 garbage-first heap   total 63488K, used 34253K [0x0000000080000000, 0x0000000100000000)
  region size 1024K, 4 young (4096K), 4 survivors (4096K)
 Metaspace       used 31768K, committed 32128K, reserved 1114112K
  class space    used 4309K, committed 4480K, reserved 1048576K
}
Event: 32.525 GC heap before
{Heap before GC invocations=12 (full 0):
 garbage-first heap   total 63488K, used 38349K [0x0000000080000000, 0x0000000100000000)
  region size 1024K, 6 young (6144K), 4 survivors (4096K)
 Metaspace       used 31894K, committed 32256K, reserved 1114112K
  class space    used 4323K, committed 4480K, reserved 1048576K
}
Event: 32.538 GC heap after
{Heap after GC invocations=13 (full 0):
 garbage-first heap   total 63488K, used 38147K [0x0000000080000000, 0x0000000100000000)
  region size 1024K, 1 young (1024K), 1 survivors (1024K)
 Metaspace       used 31894K, committed 32256K, reserved 1114112K
  class space    used 4323K, committed 4480K, reserved 1048576K
}
Event: 33.167 GC heap before
{Heap before GC invocations=14 (full 0):
 garbage-first heap   total 66560K, used 47363K [0x0000000080000000, 0x0000000100000000)
  region size 1024K, 10 young (10240K), 1 survivors (1024K)
 Metaspace       used 33273K, committed 33600K, reserved 1114112K
  class space    used 4522K, committed 4672K, reserved 1048576K
}
Event: 33.173 GC heap after
{Heap after GC invocations=15 (full 0):
 garbage-first heap   total 66560K, used 39723K [0x0000000080000000, 0x0000000100000000)
  region size 1024K, 2 young (2048K), 2 survivors (2048K)
 Metaspace       used 33273K, committed 33600K, reserved 1114112K
  class space    used 4522K, committed 4672K, reserved 1048576K
}
Event: 33.589 GC heap before
{Heap before GC invocations=15 (full 0):
 garbage-first heap   total 66560K, used 48939K [0x0000000080000000, 0x0000000100000000)
  region size 1024K, 12 young (12288K), 2 survivors (2048K)
 Metaspace       used 34321K, committed 34752K, reserved 1114112K
  class space    used 4716K, committed 4928K, reserved 1048576K
}
Event: 33.596 GC heap after
{Heap after GC invocations=16 (full 0):
 garbage-first heap   total 66560K, used 40251K [0x0000000080000000, 0x0000000100000000)
  region size 1024K, 1 young (1024K), 1 survivors (1024K)
 Metaspace       used 34321K, committed 34752K, reserved 1114112K
  class space    used 4716K, committed 4928K, reserved 1048576K
}
Event: 34.144 GC heap before
{Heap before GC invocations=17 (full 0):
 garbage-first heap   total 71680K, used 51515K [0x0000000080000000, 0x0000000100000000)
  region size 1024K, 12 young (12288K), 1 survivors (1024K)
 Metaspace       used 35658K, committed 36096K, reserved 1114112K
  class space    used 4928K, committed 5120K, reserved 1048576K
}
Event: 34.158 GC heap after
{Heap after GC invocations=18 (full 0):
 garbage-first heap   total 71680K, used 40758K [0x0000000080000000, 0x0000000100000000)
  region size 1024K, 2 young (2048K), 2 survivors (2048K)
 Metaspace       used 35658K, committed 36096K, reserved 1114112K
  class space    used 4928K, committed 5120K, reserved 1048576K
}
Event: 34.872 GC heap before
{Heap before GC invocations=18 (full 0):
 garbage-first heap   total 71680K, used 56118K [0x0000000080000000, 0x0000000100000000)
  region size 1024K, 17 young (17408K), 2 survivors (2048K)
 Metaspace       used 37963K, committed 38272K, reserved 1114112K
  class space    used 5298K, committed 5440K, reserved 1048576K
}
Event: 34.888 GC heap after
{Heap after GC invocations=19 (full 0):
 garbage-first heap   total 71680K, used 41530K [0x0000000080000000, 0x0000000100000000)
  region size 1024K, 3 young (3072K), 3 survivors (3072K)
 Metaspace       used 37963K, committed 38272K, reserved 1114112K
  class space    used 5298K, committed 5440K, reserved 1048576K
}
Event: 35.687 GC heap before
{Heap before GC invocations=20 (full 0):
 garbage-first heap   total 73728K, used 55866K [0x0000000080000000, 0x0000000100000000)
  region size 1024K, 17 young (17408K), 3 survivors (3072K)
 Metaspace       used 40299K, committed 40768K, reserved 1114112K
  class space    used 5592K, committed 5824K, reserved 1048576K
}
Event: 35.699 GC heap after
{Heap after GC invocations=21 (full 0):
 garbage-first heap   total 73728K, used 42983K [0x0000000080000000, 0x0000000100000000)
  region size 1024K, 3 young (3072K), 3 survivors (3072K)
 Metaspace       used 40299K, committed 40768K, reserved 1114112K
  class space    used 5592K, committed 5824K, reserved 1048576K
}
Event: 36.361 GC heap before
{Heap before GC invocations=21 (full 0):
 garbage-first heap   total 73728K, used 57319K [0x0000000080000000, 0x0000000100000000)
  region size 1024K, 18 young (18432K), 3 survivors (3072K)
 Metaspace       used 44389K, committed 44800K, reserved 1114112K
  class space    used 6006K, committed 6208K, reserved 1048576K
}
Event: 36.378 GC heap after
{Heap after GC invocations=22 (full 0):
 garbage-first heap   total 73728K, used 45688K [0x0000000080000000, 0x0000000100000000)
  region size 1024K, 3 young (3072K), 3 survivors (3072K)
 Metaspace       used 44389K, committed 44800K, reserved 1114112K
  class space    used 6006K, committed 6208K, reserved 1048576K
}

